<?xml version="1.0" encoding="UTF-8"?>
<testng-results skipped="0" failed="0" total="1" passed="1">
  <reporter-output>
  </reporter-output>
  <suite name="Default suite" duration-ms="42517" started-at="2013-03-23T07:36:21Z" finished-at="2013-03-23T07:37:04Z">
    <groups>
    </groups>
    <test name="Default test" duration-ms="42517" started-at="2013-03-23T07:36:21Z" finished-at="2013-03-23T07:37:04Z">
      <class name="com.sudeeptest.app.RedBusSearchTest">
        <test-method status="PASS" signature="setUp()[pri:0, instance:com.sudeeptest.app.RedBusSearchTest@25533ae9]" name="setUp" is-config="true" duration-ms="37573" started-at="2013-03-23T13:06:21Z" finished-at="2013-03-23T13:06:59Z">
          <reporter-output>
          </reporter-output>
        </test-method> <!-- setUp -->
        <test-method status="PASS" signature="testSearch()[pri:0, instance:com.sudeeptest.app.RedBusSearchTest@25533ae9]" name="testSearch" duration-ms="4754" started-at="2013-03-23T13:06:59Z" finished-at="2013-03-23T13:07:03Z">
          <reporter-output>
          </reporter-output>
        </test-method> <!-- testSearch -->
        <test-method status="PASS" signature="tearDown()[pri:0, instance:com.sudeeptest.app.RedBusSearchTest@25533ae9]" name="tearDown" is-config="true" duration-ms="132" started-at="2013-03-23T13:07:03Z" finished-at="2013-03-23T13:07:04Z">
          <reporter-output>
          </reporter-output>
        </test-method> <!-- tearDown -->
      </class> <!-- com.sudeeptest.app.RedBusSearchTest -->
    </test> <!-- Default test -->
  </suite> <!-- Default suite -->
</testng-results>
