<?xml version="1.0" encoding="UTF-8" ?>
<testsuite failures="1" time="0.291" errors="0" skipped="1" tests="2" name="TestSuite">
  <properties>
[...]
</properties>
  <testcase time="0" classname="com.sudeeptest.app.AppTest" name="testApp">
    <skipped/>
  </testcase>
  <testcase time="0.012" classname="com.sudeeptest.app.AppTest" name="tearDown">
    <failure type="java.lang.NullPointerException">java.lang.NullPointerException
	at com.sudeeptest.app.AppTest.tearDown(AppTest.java:43)
</failure>
  </testcase>
</testsuite>