-------------------------------------------------------------------------------
Test set: TestSuite
-------------------------------------------------------------------------------
Tests run: 2, Failures: 1, Errors: 0, Skipped: 1, Time elapsed: 0.291 sec <<< FAILURE!
tearDown(com.sudeeptest.app.AppTest)  Time elapsed: 0.012 sec  <<< FAILURE!
java.lang.NullPointerException
	at com.sudeeptest.app.AppTest.tearDown(AppTest.java:43)

